<?xml version="1.0" encoding="UTF-8"?>
<coverage generated="1666921643984" clover="3.2.0">
  <project timestamp="1666921643984" name="All files">
    <metrics statements="159" coveredstatements="141" conditionals="86" coveredconditionals="56" methods="51" coveredmethods="46" elements="296" coveredelements="243" complexity="0" loc="159" ncloc="159" packages="6" files="7" classes="7"/>
    <package name="src">
      <metrics statements="2" coveredstatements="0" conditionals="0" coveredconditionals="0" methods="1" coveredmethods="0"/>
      <file name="App.jsx" path="/Users/sunshok/Desktop/COMP 531/Assignments/hw4/social-frontend/src/App.jsx">
        <metrics statements="1" coveredstatements="0" conditionals="0" coveredconditionals="0" methods="1" coveredmethods="0"/>
        <line num="8" count="0" type="stmt"/>
      </file>
      <file name="index.js" path="/Users/sunshok/Desktop/COMP 531/Assignments/hw4/social-frontend/src/index.js">
        <metrics statements="1" coveredstatements="0" conditionals="0" coveredconditionals="0" methods="0" coveredmethods="0"/>
        <line num="6" count="0" type="stmt"/>
      </file>
    </package>
    <package name="src.auth">
      <metrics statements="21" coveredstatements="21" conditionals="6" coveredconditionals="5" methods="5" coveredmethods="5"/>
      <file name="auth.jsx" path="/Users/sunshok/Desktop/COMP 531/Assignments/hw4/social-frontend/src/auth/auth.jsx">
        <metrics statements="21" coveredstatements="21" conditionals="6" coveredconditionals="5" methods="5" coveredmethods="5"/>
        <line num="8" count="3" type="stmt"/>
        <line num="9" count="3" type="stmt"/>
        <line num="10" count="3" type="stmt"/>
        <line num="11" count="3" type="stmt"/>
        <line num="12" count="3" type="stmt"/>
        <line num="13" count="3" type="stmt"/>
        <line num="15" count="3" type="stmt"/>
        <line num="16" count="3" type="stmt"/>
        <line num="17" count="2" type="stmt"/>
        <line num="18" count="1" type="stmt"/>
        <line num="20" count="1" type="stmt"/>
        <line num="21" count="10" type="cond" truecount="4" falsecount="0"/>
        <line num="22" count="1" type="stmt"/>
        <line num="23" count="1" type="stmt"/>
        <line num="24" count="1" type="stmt"/>
        <line num="25" count="1" type="stmt"/>
        <line num="26" count="1" type="stmt"/>
        <line num="27" count="1" type="stmt"/>
        <line num="28" count="1" type="stmt"/>
        <line num="32" count="1" type="cond" truecount="1" falsecount="1"/>
        <line num="45" count="3" type="stmt"/>
      </file>
    </package>
    <package name="src.auth.registeration">
      <metrics statements="19" coveredstatements="17" conditionals="8" coveredconditionals="6" methods="4" coveredmethods="4"/>
      <file name="registeration.jsx" path="/Users/sunshok/Desktop/COMP 531/Assignments/hw4/social-frontend/src/auth/registeration/registeration.jsx">
        <metrics statements="19" coveredstatements="17" conditionals="8" coveredconditionals="6" methods="4" coveredmethods="4"/>
        <line num="8" count="2" type="stmt"/>
        <line num="10" count="2" type="stmt"/>
        <line num="11" count="1" type="cond" truecount="1" falsecount="1"/>
        <line num="12" count="1" type="stmt"/>
        <line num="14" count="0" type="stmt"/>
        <line num="15" count="1" type="cond" truecount="1" falsecount="1"/>
        <line num="17" count="0" type="stmt"/>
        <line num="20" count="1" type="stmt"/>
        <line num="21" count="1" type="stmt"/>
        <line num="22" count="1" type="stmt"/>
        <line num="23" count="1" type="stmt"/>
        <line num="24" count="1" type="stmt"/>
        <line num="25" count="1" type="stmt"/>
        <line num="26" count="1" type="stmt"/>
        <line num="31" count="2" type="stmt"/>
        <line num="170" count="12" type="stmt"/>
        <line num="172" count="12" type="cond" truecount="4" falsecount="0"/>
        <line num="173" count="2" type="stmt"/>
        <line num="175" count="10" type="stmt"/>
      </file>
    </package>
    <package name="src.main">
      <metrics statements="87" coveredstatements="74" conditionals="52" coveredconditionals="30" methods="38" coveredmethods="35"/>
      <file name="main.jsx" path="/Users/sunshok/Desktop/COMP 531/Assignments/hw4/social-frontend/src/main/main.jsx">
        <metrics statements="87" coveredstatements="74" conditionals="52" coveredconditionals="30" methods="38" coveredmethods="35"/>
        <line num="15" count="88" type="stmt"/>
        <line num="16" count="88" type="stmt"/>
        <line num="17" count="88" type="stmt"/>
        <line num="18" count="88" type="stmt"/>
        <line num="19" count="87" type="stmt"/>
        <line num="20" count="87" type="stmt"/>
        <line num="21" count="87" type="stmt"/>
        <line num="22" count="87" type="stmt"/>
        <line num="23" count="87" type="stmt"/>
        <line num="24" count="87" type="stmt"/>
        <line num="27" count="87" type="stmt"/>
        <line num="29" count="9" type="stmt"/>
        <line num="30" count="1" type="stmt"/>
        <line num="31" count="1" type="stmt"/>
        <line num="32" count="10" type="cond" truecount="2" falsecount="0"/>
        <line num="35" count="1" type="stmt"/>
        <line num="36" count="1" type="stmt"/>
        <line num="37" count="1" type="stmt"/>
        <line num="38" count="100" type="cond" truecount="2" falsecount="0"/>
        <line num="39" count="10" type="stmt"/>
        <line num="45" count="87" type="stmt"/>
        <line num="47" count="8" type="cond" truecount="2" falsecount="0"/>
        <line num="48" count="3" type="cond" truecount="2" falsecount="0"/>
        <line num="49" count="2" type="cond" truecount="1" falsecount="1"/>
        <line num="50" count="2" type="cond" truecount="2" falsecount="0"/>
        <line num="51" count="1" type="cond" truecount="1" falsecount="1"/>
        <line num="52" count="1" type="cond" truecount="1" falsecount="1"/>
        <line num="53" count="0" type="cond" truecount="0" falsecount="2"/>
        <line num="54" count="0" type="cond" truecount="0" falsecount="2"/>
        <line num="55" count="0" type="cond" truecount="0" falsecount="2"/>
        <line num="56" count="0" type="cond" truecount="0" falsecount="2"/>
        <line num="58" count="87" type="stmt"/>
        <line num="59" count="8" type="stmt"/>
        <line num="61" count="87" type="stmt"/>
        <line num="62" count="1" type="stmt"/>
        <line num="63" count="4" type="stmt"/>
        <line num="68" count="87" type="stmt"/>
        <line num="69" count="27" type="cond" truecount="10" falsecount="2"/>
        <line num="71" count="27" type="stmt"/>
        <line num="75" count="27" type="stmt"/>
        <line num="76" count="3" type="stmt"/>
        <line num="77" count="3" type="stmt"/>
        <line num="78" count="30" type="cond" truecount="2" falsecount="0"/>
        <line num="79" count="3" type="stmt"/>
        <line num="80" count="3" type="stmt"/>
        <line num="81" count="3" type="stmt"/>
        <line num="82" count="300" type="cond" truecount="2" falsecount="0"/>
        <line num="83" count="30" type="stmt"/>
        <line num="90" count="0" type="stmt"/>
        <line num="92" count="87" type="stmt"/>
        <line num="93" count="41" type="stmt"/>
        <line num="99" count="87" type="stmt"/>
        <line num="100" count="1" type="stmt"/>
        <line num="101" count="1" type="stmt"/>
        <line num="102" count="0" type="cond" truecount="0" falsecount="2"/>
        <line num="104" count="0" type="stmt"/>
        <line num="107" count="1" type="stmt"/>
        <line num="109" count="87" type="stmt"/>
        <line num="110" count="1" type="cond" truecount="1" falsecount="1"/>
        <line num="111" count="1" type="stmt"/>
        <line num="112" count="1" type="stmt"/>
        <line num="114" count="0" type="stmt"/>
        <line num="115" count="0" type="stmt"/>
        <line num="116" count="0" type="cond" truecount="0" falsecount="4"/>
        <line num="119" count="0" type="stmt"/>
        <line num="122" count="0" type="stmt"/>
        <line num="126" count="87" type="stmt"/>
        <line num="127" count="87" type="stmt"/>
        <line num="129" count="87" type="stmt"/>
        <line num="145" count="87" type="stmt"/>
        <line num="161" count="87" type="stmt"/>
        <line num="172" count="87" type="stmt"/>
        <line num="185" count="5" type="stmt"/>
        <line num="186" count="1" type="stmt"/>
        <line num="205" count="16" type="stmt"/>
        <line num="208" count="1" type="stmt"/>
        <line num="209" count="1" type="stmt"/>
        <line num="210" count="1" type="stmt"/>
        <line num="219" count="24" type="stmt"/>
        <line num="222" count="3" type="stmt"/>
        <line num="228" count="240" type="stmt"/>
        <line num="238" count="1" type="stmt"/>
        <line num="239" count="1" type="stmt"/>
        <line num="272" count="14" type="stmt"/>
        <line num="276" count="0" type="stmt"/>
        <line num="278" count="1" type="stmt"/>
        <line num="285" count="56" type="stmt"/>
      </file>
    </package>
    <package name="src.profile">
      <metrics statements="28" coveredstatements="28" conditionals="20" coveredconditionals="15" methods="2" coveredmethods="2"/>
      <file name="profile.jsx" path="/Users/sunshok/Desktop/COMP 531/Assignments/hw4/social-frontend/src/profile/profile.jsx">
        <metrics statements="28" coveredstatements="28" conditionals="20" coveredconditionals="15" methods="2" coveredmethods="2"/>
        <line num="14" count="6" type="stmt"/>
        <line num="15" count="6" type="stmt"/>
        <line num="16" count="6" type="stmt"/>
        <line num="17" count="6" type="stmt"/>
        <line num="18" count="6" type="stmt"/>
        <line num="19" count="6" type="stmt"/>
        <line num="20" count="6" type="stmt"/>
        <line num="21" count="6" type="stmt"/>
        <line num="22" count="6" type="stmt"/>
        <line num="23" count="6" type="stmt"/>
        <line num="24" count="6" type="stmt"/>
        <line num="25" count="6" type="stmt"/>
        <line num="26" count="1" type="cond" truecount="3" falsecount="1"/>
        <line num="27" count="1" type="stmt"/>
        <line num="30" count="1" type="cond" truecount="3" falsecount="1"/>
        <line num="31" count="1" type="stmt"/>
        <line num="32" count="1" type="stmt"/>
        <line num="34" count="1" type="cond" truecount="3" falsecount="1"/>
        <line num="35" count="1" type="stmt"/>
        <line num="36" count="1" type="stmt"/>
        <line num="38" count="1" type="cond" truecount="3" falsecount="1"/>
        <line num="39" count="1" type="stmt"/>
        <line num="40" count="1" type="stmt"/>
        <line num="42" count="1" type="cond" truecount="3" falsecount="1"/>
        <line num="43" count="1" type="stmt"/>
        <line num="45" count="1" type="stmt"/>
        <line num="49" count="6" type="stmt"/>
        <line num="69" count="6" type="stmt"/>
      </file>
    </package>
    <package name="src.router">
      <metrics statements="2" coveredstatements="1" conditionals="0" coveredconditionals="0" methods="1" coveredmethods="0"/>
      <file name="index.jsx" path="/Users/sunshok/Desktop/COMP 531/Assignments/hw4/social-frontend/src/router/index.jsx">
        <metrics statements="2" coveredstatements="1" conditionals="0" coveredconditionals="0" methods="1" coveredmethods="0"/>
        <line num="8" count="1" type="stmt"/>
        <line num="9" count="0" type="stmt"/>
      </file>
    </package>
  </project>
</coverage>
