{"/Users/sunshok/Desktop/COMP 531/Assignments/hw4/social-frontend/src/App.jsx": {"path":"/Users/sunshok/Desktop/COMP 531/Assignments/hw4/social-frontend/src/App.jsx","statementMap":{"0":{"start":{"line":8,"column":4},"end":{"line":17,"column":5}}},"fnMap":{"0":{"name":"App","decl":{"start":{"line":7,"column":9},"end":{"line":7,"column":12}},"loc":{"start":{"line":7,"column":15},"end":{"line":18,"column":1}},"line":7}},"branchMap":{},"s":{"0":0},"f":{"0":0},"b":{},"_coverageSchema":"1a1c01bbd47fc00a2c39e90264f33305004495a9","hash":"5e0574fb181f25f02ae0fedc86558e9999b91e8e"}
,"/Users/sunshok/Desktop/COMP 531/Assignments/hw4/social-frontend/src/index.js": {"path":"/Users/sunshok/Desktop/COMP 531/Assignments/hw4/social-frontend/src/index.js","statementMap":{"0":{"start":{"line":6,"column":0},"end":{"line":12,"column":2}}},"fnMap":{},"branchMap":{},"s":{"0":0},"f":{},"b":{}}
,"/Users/sunshok/Desktop/COMP 531/Assignments/hw4/social-frontend/src/auth/auth.jsx": {"path":"/Users/sunshok/Desktop/COMP 531/Assignments/hw4/social-frontend/src/auth/auth.jsx","statementMap":{"0":{"start":{"line":8,"column":4},"end":{"line":8,"column":39}},"1":{"start":{"line":9,"column":4},"end":{"line":9,"column":35}},"2":{"start":{"line":10,"column":4},"end":{"line":10,"column":35}},"3":{"start":{"line":11,"column":4},"end":{"line":11,"column":37}},"4":{"start":{"line":12,"column":4},"end":{"line":12,"column":35}},"5":{"start":{"line":13,"column":4},"end":{"line":13,"column":38}},"6":{"start":{"line":15,"column":15},"end":{"line":15,"column":16}},"7":{"start":{"line":16,"column":21},"end":{"line":41,"column":7}},"8":{"start":{"line":17,"column":8},"end":{"line":33,"column":10}},"9":{"start":{"line":18,"column":26},"end":{"line":18,"column":41}},"10":{"start":{"line":20,"column":12},"end":{"line":31,"column":18}},"11":{"start":{"line":21,"column":16},"end":{"line":30,"column":17}},"12":{"start":{"line":22,"column":20},"end":{"line":22,"column":62}},"13":{"start":{"line":23,"column":20},"end":{"line":23,"column":64}},"14":{"start":{"line":24,"column":20},"end":{"line":24,"column":65}},"15":{"start":{"line":25,"column":20},"end":{"line":25,"column":57}},"16":{"start":{"line":26,"column":20},"end":{"line":26,"column":55}},"17":{"start":{"line":27,"column":20},"end":{"line":27,"column":27}},"18":{"start":{"line":28,"column":20},"end":{"line":28,"column":38}},"19":{"start":{"line":32,"column":16},"end":{"line":32,"column":73}},"20":{"start":{"line":32,"column":31},"end":{"line":32,"column":72}},"21":{"start":{"line":45,"column":4},"end":{"line":100,"column":5}}},"fnMap":{"0":{"name":"Auth","decl":{"start":{"line":7,"column":9},"end":{"line":7,"column":13}},"loc":{"start":{"line":7,"column":16},"end":{"line":101,"column":1}},"line":7},"1":{"name":"(anonymous_1)","decl":{"start":{"line":16,"column":21},"end":{"line":16,"column":22}},"loc":{"start":{"line":16,"column":33},"end":{"line":41,"column":7}},"line":16},"2":{"name":"(anonymous_2)","decl":{"start":{"line":18,"column":14},"end":{"line":18,"column":15}},"loc":{"start":{"line":18,"column":26},"end":{"line":18,"column":41}},"line":18},"3":{"name":"(anonymous_3)","decl":{"start":{"line":19,"column":14},"end":{"line":19,"column":15}},"loc":{"start":{"line":19,"column":22},"end":{"line":33,"column":9}},"line":19},"4":{"name":"(anonymous_4)","decl":{"start":{"line":20,"column":25},"end":{"line":20,"column":26}},"loc":{"start":{"line":20,"column":30},"end":{"line":31,"column":17}},"line":20}},"branchMap":{"0":{"loc":{"start":{"line":21,"column":16},"end":{"line":30,"column":17}},"type":"if","locations":[{"start":{"line":21,"column":16},"end":{"line":30,"column":17}},{"start":{},"end":{}}],"line":21},"1":{"loc":{"start":{"line":21,"column":19},"end":{"line":21,"column":85}},"type":"binary-expr","locations":[{"start":{"line":21,"column":19},"end":{"line":21,"column":47}},{"start":{"line":21,"column":51},"end":{"line":21,"column":85}}],"line":21},"2":{"loc":{"start":{"line":32,"column":16},"end":{"line":32,"column":73}},"type":"if","locations":[{"start":{"line":32,"column":16},"end":{"line":32,"column":73}},{"start":{},"end":{}}],"line":32}},"s":{"0":3,"1":3,"2":3,"3":3,"4":3,"5":3,"6":3,"7":3,"8":2,"9":1,"10":1,"11":10,"12":1,"13":1,"14":1,"15":1,"16":1,"17":1,"18":1,"19":1,"20":0,"21":3},"f":{"0":3,"1":2,"2":1,"3":1,"4":10},"b":{"0":[1,9],"1":[10,1],"2":[0,1]},"_coverageSchema":"1a1c01bbd47fc00a2c39e90264f33305004495a9","hash":"40644ef5caa495df7735f858b32e991dea6541c3"}
,"/Users/sunshok/Desktop/COMP 531/Assignments/hw4/social-frontend/src/auth/registeration/registeration.jsx": {"path":"/Users/sunshok/Desktop/COMP 531/Assignments/hw4/social-frontend/src/auth/registeration/registeration.jsx","statementMap":{"0":{"start":{"line":8,"column":19},"end":{"line":8,"column":32}},"1":{"start":{"line":10,"column":21},"end":{"line":28,"column":7}},"2":{"start":{"line":11,"column":8},"end":{"line":14,"column":62}},"3":{"start":{"line":12,"column":26},"end":{"line":12,"column":28}},"4":{"start":{"line":14,"column":27},"end":{"line":14,"column":60}},"5":{"start":{"line":15,"column":8},"end":{"line":27,"column":9}},"6":{"start":{"line":17,"column":12},"end":{"line":17,"column":46}},"7":{"start":{"line":20,"column":12},"end":{"line":20,"column":72}},"8":{"start":{"line":21,"column":12},"end":{"line":21,"column":60}},"9":{"start":{"line":22,"column":12},"end":{"line":22,"column":56}},"10":{"start":{"line":23,"column":12},"end":{"line":23,"column":55}},"11":{"start":{"line":24,"column":12},"end":{"line":24,"column":55}},"12":{"start":{"line":25,"column":12},"end":{"line":25,"column":50}},"13":{"start":{"line":26,"column":12},"end":{"line":26,"column":30}},"14":{"start":{"line":31,"column":4},"end":{"line":190,"column":5}},"15":{"start":{"line":170,"column":40},"end":{"line":177,"column":17}},"16":{"start":{"line":172,"column":20},"end":{"line":174,"column":21}},"17":{"start":{"line":173,"column":24},"end":{"line":173,"column":49}},"18":{"start":{"line":175,"column":20},"end":{"line":175,"column":105}}},"fnMap":{"0":{"name":"Registeration","decl":{"start":{"line":6,"column":24},"end":{"line":6,"column":37}},"loc":{"start":{"line":6,"column":40},"end":{"line":191,"column":1}},"line":6},"1":{"name":"(anonymous_1)","decl":{"start":{"line":10,"column":21},"end":{"line":10,"column":22}},"loc":{"start":{"line":10,"column":33},"end":{"line":28,"column":7}},"line":10},"2":{"name":"(anonymous_2)","decl":{"start":{"line":170,"column":16},"end":{"line":170,"column":17}},"loc":{"start":{"line":170,"column":40},"end":{"line":177,"column":17}},"line":170},"3":{"name":"(anonymous_3)","decl":{"start":{"line":171,"column":20},"end":{"line":171,"column":21}},"loc":{"start":{"line":171,"column":40},"end":{"line":176,"column":21}},"line":171}},"branchMap":{"0":{"loc":{"start":{"line":11,"column":8},"end":{"line":14,"column":62}},"type":"if","locations":[{"start":{"line":11,"column":8},"end":{"line":14,"column":62}},{"start":{"line":14,"column":12},"end":{"line":14,"column":62}}],"line":11},"1":{"loc":{"start":{"line":15,"column":8},"end":{"line":27,"column":9}},"type":"if","locations":[{"start":{"line":15,"column":8},"end":{"line":27,"column":9}},{"start":{"line":19,"column":12},"end":{"line":27,"column":9}}],"line":15},"2":{"loc":{"start":{"line":172,"column":20},"end":{"line":174,"column":21}},"type":"if","locations":[{"start":{"line":172,"column":20},"end":{"line":174,"column":21}},{"start":{},"end":{}}],"line":172},"3":{"loc":{"start":{"line":172,"column":24},"end":{"line":172,"column":69}},"type":"binary-expr","locations":[{"start":{"line":172,"column":24},"end":{"line":172,"column":30}},{"start":{"line":172,"column":34},"end":{"line":172,"column":69}}],"line":172}},"s":{"0":2,"1":2,"2":1,"3":1,"4":0,"5":1,"6":0,"7":1,"8":1,"9":1,"10":1,"11":1,"12":1,"13":1,"14":2,"15":12,"16":12,"17":2,"18":10},"f":{"0":2,"1":1,"2":12,"3":12},"b":{"0":[1,0],"1":[0,1],"2":[2,10],"3":[12,12]},"_coverageSchema":"1a1c01bbd47fc00a2c39e90264f33305004495a9","hash":"e217d81c8f365fde4be4bc728d629b5202895b4a"}
,"/Users/sunshok/Desktop/COMP 531/Assignments/hw4/social-frontend/src/main/main.jsx": {"path":"/Users/sunshok/Desktop/COMP 531/Assignments/hw4/social-frontend/src/main/main.jsx","statementMap":{"0":{"start":{"line":15,"column":16},"end":{"line":15,"column":26}},"1":{"start":{"line":16,"column":20},"end":{"line":16,"column":50}},"2":{"start":{"line":17,"column":18},"end":{"line":17,"column":49}},"3":{"start":{"line":18,"column":32},"end":{"line":18,"column":51}},"4":{"start":{"line":19,"column":42},"end":{"line":19,"column":54}},"5":{"start":{"line":20,"column":46},"end":{"line":20,"column":58}},"6":{"start":{"line":21,"column":42},"end":{"line":21,"column":54}},"7":{"start":{"line":22,"column":42},"end":{"line":22,"column":54}},"8":{"start":{"line":23,"column":38},"end":{"line":23,"column":50}},"9":{"start":{"line":24,"column":38},"end":{"line":24,"column":50}},"10":{"start":{"line":27,"column":24},"end":{"line":44,"column":8}},"11":{"start":{"line":29,"column":8},"end":{"line":43,"column":11}},"12":{"start":{"line":30,"column":25},"end":{"line":30,"column":40}},"13":{"start":{"line":31,"column":22},"end":{"line":43,"column":10}},"14":{"start":{"line":32,"column":10},"end":{"line":42,"column":11}},"15":{"start":{"line":35,"column":12},"end":{"line":41,"column":15}},"16":{"start":{"line":36,"column":30},"end":{"line":36,"column":45}},"17":{"start":{"line":37,"column":26},"end":{"line":41,"column":14}},"18":{"start":{"line":38,"column":14},"end":{"line":40,"column":15}},"19":{"start":{"line":39,"column":16},"end":{"line":39,"column":48}},"20":{"start":{"line":45,"column":27},"end":{"line":57,"column":8}},"21":{"start":{"line":47,"column":8},"end":{"line":56,"column":112}},"22":{"start":{"line":47,"column":28},"end":{"line":47,"column":53}},"23":{"start":{"line":47,"column":53},"end":{"line":47,"column":77}},"24":{"start":{"line":47,"column":77},"end":{"line":47,"column":100}},"25":{"start":{"line":48,"column":13},"end":{"line":56,"column":112}},"26":{"start":{"line":48,"column":38},"end":{"line":48,"column":62}},"27":{"start":{"line":48,"column":62},"end":{"line":48,"column":86}},"28":{"start":{"line":48,"column":86},"end":{"line":48,"column":107}},"29":{"start":{"line":49,"column":13},"end":{"line":56,"column":112}},"30":{"start":{"line":49,"column":37},"end":{"line":49,"column":61}},"31":{"start":{"line":49,"column":61},"end":{"line":49,"column":83}},"32":{"start":{"line":49,"column":83},"end":{"line":49,"column":114}},"33":{"start":{"line":50,"column":13},"end":{"line":56,"column":112}},"34":{"start":{"line":50,"column":37},"end":{"line":50,"column":59}},"35":{"start":{"line":50,"column":59},"end":{"line":50,"column":91}},"36":{"start":{"line":50,"column":91},"end":{"line":50,"column":118}},"37":{"start":{"line":51,"column":13},"end":{"line":56,"column":112}},"38":{"start":{"line":51,"column":35},"end":{"line":51,"column":67}},"39":{"start":{"line":51,"column":67},"end":{"line":51,"column":95}},"40":{"start":{"line":51,"column":95},"end":{"line":51,"column":123}},"41":{"start":{"line":52,"column":13},"end":{"line":56,"column":112}},"42":{"start":{"line":52,"column":45},"end":{"line":52,"column":73}},"43":{"start":{"line":52,"column":73},"end":{"line":52,"column":102}},"44":{"start":{"line":52,"column":102},"end":{"line":52,"column":125}},"45":{"start":{"line":53,"column":13},"end":{"line":56,"column":112}},"46":{"start":{"line":53,"column":41},"end":{"line":53,"column":70}},"47":{"start":{"line":53,"column":70},"end":{"line":53,"column":94}},"48":{"start":{"line":53,"column":94},"end":{"line":53,"column":123}},"49":{"start":{"line":54,"column":13},"end":{"line":56,"column":112}},"50":{"start":{"line":54,"column":42},"end":{"line":54,"column":62}},"51":{"start":{"line":54,"column":62},"end":{"line":54,"column":86}},"52":{"start":{"line":54,"column":86},"end":{"line":54,"column":115}},"53":{"start":{"line":55,"column":13},"end":{"line":56,"column":112}},"54":{"start":{"line":55,"column":37},"end":{"line":55,"column":57}},"55":{"start":{"line":55,"column":57},"end":{"line":55,"column":82}},"56":{"start":{"line":55,"column":82},"end":{"line":55,"column":111}},"57":{"start":{"line":56,"column":13},"end":{"line":56,"column":112}},"58":{"start":{"line":56,"column":43},"end":{"line":56,"column":63}},"59":{"start":{"line":56,"column":63},"end":{"line":56,"column":88}},"60":{"start":{"line":56,"column":88},"end":{"line":56,"column":111}},"61":{"start":{"line":58,"column":6},"end":{"line":59,"column":74}},"62":{"start":{"line":58,"column":21},"end":{"line":58,"column":67}},"63":{"start":{"line":59,"column":20},"end":{"line":59,"column":68}},"64":{"start":{"line":61,"column":22},"end":{"line":65,"column":5}},"65":{"start":{"line":62,"column":8},"end":{"line":64,"column":11}},"66":{"start":{"line":63,"column":12},"end":{"line":63,"column":32}},"67":{"start":{"line":68,"column":23},"end":{"line":91,"column":5}},"68":{"start":{"line":69,"column":6},"end":{"line":90,"column":46}},"69":{"start":{"line":71,"column":10},"end":{"line":74,"column":13}},"70":{"start":{"line":71,"column":38},"end":{"line":74,"column":11}},"71":{"start":{"line":75,"column":10},"end":{"line":88,"column":17}},"72":{"start":{"line":76,"column":27},"end":{"line":76,"column":42}},"73":{"start":{"line":77,"column":28},"end":{"line":88,"column":16}},"74":{"start":{"line":78,"column":18},"end":{"line":87,"column":19}},"75":{"start":{"line":79,"column":22},"end":{"line":86,"column":29}},"76":{"start":{"line":80,"column":44},"end":{"line":80,"column":59}},"77":{"start":{"line":81,"column":40},"end":{"line":86,"column":28}},"78":{"start":{"line":82,"column":30},"end":{"line":85,"column":31}},"79":{"start":{"line":83,"column":34},"end":{"line":83,"column":70}},"80":{"start":{"line":90,"column":10},"end":{"line":90,"column":46}},"81":{"start":{"line":92,"column":19},"end":{"line":97,"column":5}},"82":{"start":{"line":93,"column":6},"end":{"line":96,"column":8}},"83":{"start":{"line":93,"column":32},"end":{"line":96,"column":7}},"84":{"start":{"line":99,"column":21},"end":{"line":108,"column":5}},"85":{"start":{"line":100,"column":21},"end":{"line":100,"column":23}},"86":{"start":{"line":101,"column":8},"end":{"line":106,"column":9}},"87":{"start":{"line":101,"column":18},"end":{"line":101,"column":19}},"88":{"start":{"line":102,"column":12},"end":{"line":105,"column":13}},"89":{"start":{"line":104,"column":16},"end":{"line":104,"column":44}},"90":{"start":{"line":107,"column":8},"end":{"line":107,"column":31}},"91":{"start":{"line":109,"column":21},"end":{"line":123,"column":5}},"92":{"start":{"line":110,"column":8},"end":{"line":122,"column":30}},"93":{"start":{"line":111,"column":8},"end":{"line":111,"column":24}},"94":{"start":{"line":112,"column":8},"end":{"line":112,"column":54}},"95":{"start":{"line":114,"column":25},"end":{"line":114,"column":27}},"96":{"start":{"line":115,"column":12},"end":{"line":121,"column":7}},"97":{"start":{"line":115,"column":22},"end":{"line":115,"column":23}},"98":{"start":{"line":116,"column":8},"end":{"line":120,"column":9}},"99":{"start":{"line":119,"column":10},"end":{"line":119,"column":38}},"100":{"start":{"line":122,"column":6},"end":{"line":122,"column":29}},"101":{"start":{"line":126,"column":34},"end":{"line":126,"column":49}},"102":{"start":{"line":127,"column":36},"end":{"line":127,"column":46}},"103":{"start":{"line":129,"column":25},"end":{"line":143,"column":7}},"104":{"start":{"line":145,"column":25},"end":{"line":158,"column":7}},"105":{"start":{"line":161,"column":8},"end":{"line":170,"column":14}},"106":{"start":{"line":172,"column":4},"end":{"line":313,"column":5}},"107":{"start":{"line":185,"column":87},"end":{"line":185,"column":117}},"108":{"start":{"line":186,"column":36},"end":{"line":186,"column":57}},"109":{"start":{"line":205,"column":36},"end":{"line":205,"column":66}},"110":{"start":{"line":208,"column":34},"end":{"line":208,"column":57}},"111":{"start":{"line":209,"column":24},"end":{"line":209,"column":67}},"112":{"start":{"line":210,"column":24},"end":{"line":210,"column":42}},"113":{"start":{"line":219,"column":24},"end":{"line":219,"column":56}},"114":{"start":{"line":222,"column":34},"end":{"line":222,"column":61}},"115":{"start":{"line":222,"column":62},"end":{"line":222,"column":82}},"116":{"start":{"line":228,"column":20},"end":{"line":243,"column":32}},"117":{"start":{"line":238,"column":24},"end":{"line":238,"column":67}},"118":{"start":{"line":239,"column":24},"end":{"line":239,"column":47}},"119":{"start":{"line":272,"column":18},"end":{"line":272,"column":46}},"120":{"start":{"line":276,"column":26},"end":{"line":276,"column":42}},"121":{"start":{"line":278,"column":26},"end":{"line":278,"column":59}},"122":{"start":{"line":285,"column":16},"end":{"line":308,"column":28}}},"fnMap":{"0":{"name":"Main","decl":{"start":{"line":14,"column":24},"end":{"line":14,"column":28}},"loc":{"start":{"line":14,"column":31},"end":{"line":314,"column":1}},"line":14},"1":{"name":"(anonymous_1)","decl":{"start":{"line":27,"column":24},"end":{"line":27,"column":25}},"loc":{"start":{"line":27,"column":37},"end":{"line":44,"column":8}},"line":27},"2":{"name":"(anonymous_2)","decl":{"start":{"line":30,"column":13},"end":{"line":30,"column":14}},"loc":{"start":{"line":30,"column":25},"end":{"line":30,"column":40}},"line":30},"3":{"name":"(anonymous_3)","decl":{"start":{"line":31,"column":14},"end":{"line":31,"column":15}},"loc":{"start":{"line":31,"column":22},"end":{"line":43,"column":10}},"line":31},"4":{"name":"(anonymous_4)","decl":{"start":{"line":31,"column":35},"end":{"line":31,"column":36}},"loc":{"start":{"line":31,"column":38},"end":{"line":43,"column":9}},"line":31},"5":{"name":"(anonymous_5)","decl":{"start":{"line":36,"column":18},"end":{"line":36,"column":19}},"loc":{"start":{"line":36,"column":30},"end":{"line":36,"column":45}},"line":36},"6":{"name":"(anonymous_6)","decl":{"start":{"line":37,"column":18},"end":{"line":37,"column":19}},"loc":{"start":{"line":37,"column":26},"end":{"line":41,"column":14}},"line":37},"7":{"name":"(anonymous_7)","decl":{"start":{"line":37,"column":39},"end":{"line":37,"column":40}},"loc":{"start":{"line":37,"column":42},"end":{"line":41,"column":13}},"line":37},"8":{"name":"(anonymous_8)","decl":{"start":{"line":45,"column":27},"end":{"line":45,"column":28}},"loc":{"start":{"line":45,"column":40},"end":{"line":57,"column":8}},"line":45},"9":{"name":"(anonymous_9)","decl":{"start":{"line":58,"column":16},"end":{"line":58,"column":17}},"loc":{"start":{"line":58,"column":20},"end":{"line":59,"column":69}},"line":58},"10":{"name":"(anonymous_10)","decl":{"start":{"line":61,"column":22},"end":{"line":61,"column":23}},"loc":{"start":{"line":61,"column":38},"end":{"line":65,"column":5}},"line":61},"11":{"name":"(anonymous_11)","decl":{"start":{"line":62,"column":26},"end":{"line":62,"column":27}},"loc":{"start":{"line":62,"column":39},"end":{"line":64,"column":9}},"line":62},"12":{"name":"(anonymous_12)","decl":{"start":{"line":68,"column":23},"end":{"line":68,"column":24}},"loc":{"start":{"line":68,"column":40},"end":{"line":91,"column":5}},"line":68},"13":{"name":"(anonymous_13)","decl":{"start":{"line":71,"column":25},"end":{"line":71,"column":26}},"loc":{"start":{"line":71,"column":38},"end":{"line":74,"column":11}},"line":71},"14":{"name":"(anonymous_14)","decl":{"start":{"line":76,"column":15},"end":{"line":76,"column":16}},"loc":{"start":{"line":76,"column":27},"end":{"line":76,"column":42}},"line":76},"15":{"name":"(anonymous_15)","decl":{"start":{"line":77,"column":20},"end":{"line":77,"column":21}},"loc":{"start":{"line":77,"column":28},"end":{"line":88,"column":16}},"line":77},"16":{"name":"(anonymous_16)","decl":{"start":{"line":77,"column":41},"end":{"line":77,"column":42}},"loc":{"start":{"line":77,"column":44},"end":{"line":88,"column":15}},"line":77},"17":{"name":"(anonymous_17)","decl":{"start":{"line":80,"column":32},"end":{"line":80,"column":33}},"loc":{"start":{"line":80,"column":44},"end":{"line":80,"column":59}},"line":80},"18":{"name":"(anonymous_18)","decl":{"start":{"line":81,"column":32},"end":{"line":81,"column":33}},"loc":{"start":{"line":81,"column":40},"end":{"line":86,"column":28}},"line":81},"19":{"name":"(anonymous_19)","decl":{"start":{"line":81,"column":53},"end":{"line":81,"column":54}},"loc":{"start":{"line":81,"column":56},"end":{"line":86,"column":27}},"line":81},"20":{"name":"(anonymous_20)","decl":{"start":{"line":92,"column":19},"end":{"line":92,"column":20}},"loc":{"start":{"line":92,"column":45},"end":{"line":97,"column":5}},"line":92},"21":{"name":"(anonymous_21)","decl":{"start":{"line":93,"column":19},"end":{"line":93,"column":20}},"loc":{"start":{"line":93,"column":32},"end":{"line":96,"column":7}},"line":93},"22":{"name":"(anonymous_22)","decl":{"start":{"line":99,"column":21},"end":{"line":99,"column":22}},"loc":{"start":{"line":99,"column":34},"end":{"line":108,"column":5}},"line":99},"23":{"name":"(anonymous_23)","decl":{"start":{"line":109,"column":21},"end":{"line":109,"column":22}},"loc":{"start":{"line":109,"column":32},"end":{"line":123,"column":5}},"line":109},"24":{"name":"(anonymous_24)","decl":{"start":{"line":129,"column":25},"end":{"line":129,"column":26}},"loc":{"start":{"line":129,"column":35},"end":{"line":143,"column":7}},"line":129},"25":{"name":"(anonymous_25)","decl":{"start":{"line":145,"column":25},"end":{"line":145,"column":26}},"loc":{"start":{"line":145,"column":35},"end":{"line":158,"column":7}},"line":145},"26":{"name":"(anonymous_26)","decl":{"start":{"line":185,"column":79},"end":{"line":185,"column":80}},"loc":{"start":{"line":185,"column":86},"end":{"line":185,"column":118}},"line":185},"27":{"name":"(anonymous_27)","decl":{"start":{"line":186,"column":31},"end":{"line":186,"column":32}},"loc":{"start":{"line":186,"column":35},"end":{"line":186,"column":58}},"line":186},"28":{"name":"(anonymous_28)","decl":{"start":{"line":204,"column":38},"end":{"line":204,"column":39}},"loc":{"start":{"line":204,"column":45},"end":{"line":206,"column":29}},"line":204},"29":{"name":"(anonymous_29)","decl":{"start":{"line":208,"column":29},"end":{"line":208,"column":30}},"loc":{"start":{"line":208,"column":33},"end":{"line":210,"column":43}},"line":208},"30":{"name":"(anonymous_30)","decl":{"start":{"line":218,"column":34},"end":{"line":218,"column":35}},"loc":{"start":{"line":218,"column":41},"end":{"line":220,"column":21}},"line":218},"31":{"name":"(anonymous_31)","decl":{"start":{"line":222,"column":29},"end":{"line":222,"column":30}},"loc":{"start":{"line":222,"column":33},"end":{"line":222,"column":83}},"line":222},"32":{"name":"(anonymous_32)","decl":{"start":{"line":227,"column":36},"end":{"line":227,"column":37}},"loc":{"start":{"line":228,"column":20},"end":{"line":243,"column":32}},"line":228},"33":{"name":"(anonymous_33)","decl":{"start":{"line":237,"column":31},"end":{"line":237,"column":32}},"loc":{"start":{"line":237,"column":35},"end":{"line":240,"column":23}},"line":237},"34":{"name":"(anonymous_34)","decl":{"start":{"line":271,"column":26},"end":{"line":271,"column":27}},"loc":{"start":{"line":271,"column":33},"end":{"line":272,"column":47}},"line":271},"35":{"name":"(anonymous_35)","decl":{"start":{"line":276,"column":21},"end":{"line":276,"column":22}},"loc":{"start":{"line":276,"column":25},"end":{"line":276,"column":43}},"line":276},"36":{"name":"(anonymous_36)","decl":{"start":{"line":278,"column":21},"end":{"line":278,"column":22}},"loc":{"start":{"line":278,"column":25},"end":{"line":278,"column":60}},"line":278},"37":{"name":"(anonymous_37)","decl":{"start":{"line":284,"column":30},"end":{"line":284,"column":31}},"loc":{"start":{"line":285,"column":16},"end":{"line":308,"column":28}},"line":285}},"branchMap":{"0":{"loc":{"start":{"line":32,"column":10},"end":{"line":42,"column":11}},"type":"if","locations":[{"start":{"line":32,"column":10},"end":{"line":42,"column":11}},{"start":{},"end":{}}],"line":32},"1":{"loc":{"start":{"line":38,"column":14},"end":{"line":40,"column":15}},"type":"if","locations":[{"start":{"line":38,"column":14},"end":{"line":40,"column":15}},{"start":{},"end":{}}],"line":38},"2":{"loc":{"start":{"line":47,"column":8},"end":{"line":56,"column":112}},"type":"if","locations":[{"start":{"line":47,"column":8},"end":{"line":56,"column":112}},{"start":{"line":48,"column":13},"end":{"line":56,"column":112}}],"line":47},"3":{"loc":{"start":{"line":48,"column":13},"end":{"line":56,"column":112}},"type":"if","locations":[{"start":{"line":48,"column":13},"end":{"line":56,"column":112}},{"start":{"line":49,"column":13},"end":{"line":56,"column":112}}],"line":48},"4":{"loc":{"start":{"line":49,"column":13},"end":{"line":56,"column":112}},"type":"if","locations":[{"start":{"line":49,"column":13},"end":{"line":56,"column":112}},{"start":{"line":50,"column":13},"end":{"line":56,"column":112}}],"line":49},"5":{"loc":{"start":{"line":50,"column":13},"end":{"line":56,"column":112}},"type":"if","locations":[{"start":{"line":50,"column":13},"end":{"line":56,"column":112}},{"start":{"line":51,"column":13},"end":{"line":56,"column":112}}],"line":50},"6":{"loc":{"start":{"line":51,"column":13},"end":{"line":56,"column":112}},"type":"if","locations":[{"start":{"line":51,"column":13},"end":{"line":56,"column":112}},{"start":{"line":52,"column":13},"end":{"line":56,"column":112}}],"line":51},"7":{"loc":{"start":{"line":52,"column":13},"end":{"line":56,"column":112}},"type":"if","locations":[{"start":{"line":52,"column":13},"end":{"line":56,"column":112}},{"start":{"line":53,"column":13},"end":{"line":56,"column":112}}],"line":52},"8":{"loc":{"start":{"line":53,"column":13},"end":{"line":56,"column":112}},"type":"if","locations":[{"start":{"line":53,"column":13},"end":{"line":56,"column":112}},{"start":{"line":54,"column":13},"end":{"line":56,"column":112}}],"line":53},"9":{"loc":{"start":{"line":54,"column":13},"end":{"line":56,"column":112}},"type":"if","locations":[{"start":{"line":54,"column":13},"end":{"line":56,"column":112}},{"start":{"line":55,"column":13},"end":{"line":56,"column":112}}],"line":54},"10":{"loc":{"start":{"line":55,"column":13},"end":{"line":56,"column":112}},"type":"if","locations":[{"start":{"line":55,"column":13},"end":{"line":56,"column":112}},{"start":{"line":56,"column":13},"end":{"line":56,"column":112}}],"line":55},"11":{"loc":{"start":{"line":56,"column":13},"end":{"line":56,"column":112}},"type":"if","locations":[{"start":{"line":56,"column":13},"end":{"line":56,"column":112}},{"start":{},"end":{}}],"line":56},"12":{"loc":{"start":{"line":69,"column":6},"end":{"line":90,"column":46}},"type":"if","locations":[{"start":{"line":69,"column":6},"end":{"line":90,"column":46}},{"start":{"line":90,"column":10},"end":{"line":90,"column":46}}],"line":69},"13":{"loc":{"start":{"line":69,"column":9},"end":{"line":70,"column":156}},"type":"binary-expr","locations":[{"start":{"line":69,"column":9},"end":{"line":69,"column":28}},{"start":{"line":69,"column":30},"end":{"line":69,"column":54}},{"start":{"line":69,"column":56},"end":{"line":69,"column":79}},{"start":{"line":69,"column":81},"end":{"line":69,"column":104}},{"start":{"line":69,"column":106},"end":{"line":69,"column":127}},{"start":{"line":70,"column":10},"end":{"line":70,"column":41}},{"start":{"line":70,"column":43},"end":{"line":70,"column":70}},{"start":{"line":70,"column":72},"end":{"line":70,"column":100}},{"start":{"line":70,"column":102},"end":{"line":70,"column":125}},{"start":{"line":70,"column":127},"end":{"line":70,"column":156}}],"line":69},"14":{"loc":{"start":{"line":78,"column":18},"end":{"line":87,"column":19}},"type":"if","locations":[{"start":{"line":78,"column":18},"end":{"line":87,"column":19}},{"start":{},"end":{}}],"line":78},"15":{"loc":{"start":{"line":82,"column":30},"end":{"line":85,"column":31}},"type":"if","locations":[{"start":{"line":82,"column":30},"end":{"line":85,"column":31}},{"start":{},"end":{}}],"line":82},"16":{"loc":{"start":{"line":102,"column":12},"end":{"line":105,"column":13}},"type":"if","locations":[{"start":{"line":102,"column":12},"end":{"line":105,"column":13}},{"start":{},"end":{}}],"line":102},"17":{"loc":{"start":{"line":110,"column":8},"end":{"line":122,"column":30}},"type":"if","locations":[{"start":{"line":110,"column":8},"end":{"line":122,"column":30}},{"start":{"line":113,"column":10},"end":{"line":122,"column":30}}],"line":110},"18":{"loc":{"start":{"line":116,"column":8},"end":{"line":120,"column":9}},"type":"if","locations":[{"start":{"line":116,"column":8},"end":{"line":120,"column":9}},{"start":{},"end":{}}],"line":116},"19":{"loc":{"start":{"line":116,"column":11},"end":{"line":117,"column":64}},"type":"binary-expr","locations":[{"start":{"line":116,"column":11},"end":{"line":116,"column":63}},{"start":{"line":117,"column":13},"end":{"line":117,"column":64}}],"line":116},"20":{"loc":{"start":{"line":162,"column":11},"end":{"line":162,"column":59}},"type":"cond-expr","locations":[{"start":{"line":162,"column":21},"end":{"line":162,"column":40}},{"start":{"line":162,"column":43},"end":{"line":162,"column":59}}],"line":162},"21":{"loc":{"start":{"line":258,"column":17},"end":{"line":268,"column":17}},"type":"cond-expr","locations":[{"start":{"line":259,"column":20},"end":{"line":265,"column":22}},{"start":{"line":267,"column":20},"end":{"line":267,"column":32}}],"line":258}},"s":{"0":88,"1":88,"2":88,"3":88,"4":87,"5":87,"6":87,"7":87,"8":87,"9":87,"10":87,"11":9,"12":1,"13":1,"14":10,"15":1,"16":1,"17":1,"18":100,"19":10,"20":87,"21":8,"22":5,"23":5,"24":5,"25":3,"26":1,"27":1,"28":1,"29":2,"30":0,"31":0,"32":0,"33":2,"34":1,"35":1,"36":1,"37":1,"38":0,"39":0,"40":0,"41":1,"42":1,"43":1,"44":1,"45":0,"46":0,"47":0,"48":0,"49":0,"50":0,"51":0,"52":0,"53":0,"54":0,"55":0,"56":0,"57":0,"58":0,"59":0,"60":0,"61":87,"62":8,"63":8,"64":87,"65":1,"66":4,"67":87,"68":27,"69":27,"70":27,"71":27,"72":3,"73":3,"74":30,"75":3,"76":3,"77":3,"78":300,"79":30,"80":0,"81":87,"82":41,"83":12,"84":87,"85":1,"86":1,"87":1,"88":0,"89":0,"90":1,"91":87,"92":1,"93":1,"94":1,"95":0,"96":0,"97":0,"98":0,"99":0,"100":0,"101":87,"102":87,"103":87,"104":87,"105":87,"106":87,"107":5,"108":1,"109":16,"110":1,"111":1,"112":1,"113":24,"114":3,"115":3,"116":240,"117":1,"118":1,"119":14,"120":0,"121":1,"122":56},"f":{"0":88,"1":9,"2":1,"3":1,"4":10,"5":1,"6":1,"7":100,"8":8,"9":8,"10":1,"11":4,"12":27,"13":27,"14":3,"15":3,"16":30,"17":3,"18":3,"19":300,"20":41,"21":12,"22":1,"23":1,"24":0,"25":0,"26":5,"27":1,"28":16,"29":1,"30":24,"31":3,"32":240,"33":1,"34":14,"35":0,"36":1,"37":56},"b":{"0":[1,9],"1":[10,90],"2":[5,3],"3":[1,2],"4":[0,2],"5":[1,1],"6":[0,1],"7":[1,0],"8":[0,0],"9":[0,0],"10":[0,0],"11":[0,0],"12":[27,0],"13":[27,27,22,13,7,5,4,2,1,0],"14":[3,27],"15":[30,270],"16":[0,0],"17":[1,0],"18":[0,0],"19":[0,0],"20":[0,87],"21":[0,87]},"_coverageSchema":"1a1c01bbd47fc00a2c39e90264f33305004495a9","hash":"032665bccbdf61ebfeeeb3ac8a542e1503dbd603"}
,"/Users/sunshok/Desktop/COMP 531/Assignments/hw4/social-frontend/src/profile/profile.jsx": {"path":"/Users/sunshok/Desktop/COMP 531/Assignments/hw4/social-frontend/src/profile/profile.jsx","statementMap":{"0":{"start":{"line":14,"column":33},"end":{"line":14,"column":74}},"1":{"start":{"line":15,"column":25},"end":{"line":15,"column":62}},"2":{"start":{"line":16,"column":29},"end":{"line":16,"column":68}},"3":{"start":{"line":17,"column":29},"end":{"line":17,"column":66}},"4":{"start":{"line":18,"column":35},"end":{"line":18,"column":72}},"5":{"start":{"line":19,"column":35},"end":{"line":19,"column":47}},"6":{"start":{"line":20,"column":33},"end":{"line":20,"column":45}},"7":{"start":{"line":21,"column":37},"end":{"line":21,"column":49}},"8":{"start":{"line":22,"column":33},"end":{"line":22,"column":45}},"9":{"start":{"line":23,"column":33},"end":{"line":23,"column":45}},"10":{"start":{"line":24,"column":17},"end":{"line":24,"column":31}},"11":{"start":{"line":25,"column":21},"end":{"line":47,"column":5}},"12":{"start":{"line":26,"column":4},"end":{"line":29,"column":5}},"13":{"start":{"line":27,"column":6},"end":{"line":27,"column":34}},"14":{"start":{"line":30,"column":4},"end":{"line":33,"column":5}},"15":{"start":{"line":31,"column":6},"end":{"line":31,"column":25}},"16":{"start":{"line":32,"column":6},"end":{"line":32,"column":44}},"17":{"start":{"line":34,"column":4},"end":{"line":37,"column":5}},"18":{"start":{"line":35,"column":6},"end":{"line":35,"column":29}},"19":{"start":{"line":36,"column":8},"end":{"line":36,"column":50}},"20":{"start":{"line":38,"column":4},"end":{"line":41,"column":5}},"21":{"start":{"line":39,"column":6},"end":{"line":39,"column":29}},"22":{"start":{"line":40,"column":8},"end":{"line":40,"column":50}},"23":{"start":{"line":42,"column":4},"end":{"line":44,"column":7}},"24":{"start":{"line":43,"column":8},"end":{"line":43,"column":37}},"25":{"start":{"line":45,"column":4},"end":{"line":45,"column":42}},"26":{"start":{"line":49,"column":18},"end":{"line":67,"column":7}},"27":{"start":{"line":69,"column":4},"end":{"line":162,"column":5}}},"fnMap":{"0":{"name":"Profile","decl":{"start":{"line":13,"column":9},"end":{"line":13,"column":16}},"loc":{"start":{"line":13,"column":19},"end":{"line":163,"column":1}},"line":13},"1":{"name":"(anonymous_1)","decl":{"start":{"line":25,"column":21},"end":{"line":25,"column":22}},"loc":{"start":{"line":25,"column":33},"end":{"line":47,"column":5}},"line":25}},"branchMap":{"0":{"loc":{"start":{"line":26,"column":4},"end":{"line":29,"column":5}},"type":"if","locations":[{"start":{"line":26,"column":4},"end":{"line":29,"column":5}},{"start":{},"end":{}}],"line":26},"1":{"loc":{"start":{"line":26,"column":7},"end":{"line":26,"column":57}},"type":"binary-expr","locations":[{"start":{"line":26,"column":7},"end":{"line":26,"column":27}},{"start":{"line":26,"column":31},"end":{"line":26,"column":57}}],"line":26},"2":{"loc":{"start":{"line":30,"column":4},"end":{"line":33,"column":5}},"type":"if","locations":[{"start":{"line":30,"column":4},"end":{"line":33,"column":5}},{"start":{},"end":{}}],"line":30},"3":{"loc":{"start":{"line":30,"column":7},"end":{"line":30,"column":47}},"type":"binary-expr","locations":[{"start":{"line":30,"column":7},"end":{"line":30,"column":22}},{"start":{"line":30,"column":26},"end":{"line":30,"column":47}}],"line":30},"4":{"loc":{"start":{"line":34,"column":4},"end":{"line":37,"column":5}},"type":"if","locations":[{"start":{"line":34,"column":4},"end":{"line":37,"column":5}},{"start":{},"end":{}}],"line":34},"5":{"loc":{"start":{"line":34,"column":7},"end":{"line":34,"column":51}},"type":"binary-expr","locations":[{"start":{"line":34,"column":7},"end":{"line":34,"column":24}},{"start":{"line":34,"column":28},"end":{"line":34,"column":51}}],"line":34},"6":{"loc":{"start":{"line":38,"column":4},"end":{"line":41,"column":5}},"type":"if","locations":[{"start":{"line":38,"column":4},"end":{"line":41,"column":5}},{"start":{},"end":{}}],"line":38},"7":{"loc":{"start":{"line":38,"column":7},"end":{"line":38,"column":56}},"type":"binary-expr","locations":[{"start":{"line":38,"column":7},"end":{"line":38,"column":26}},{"start":{"line":38,"column":31},"end":{"line":38,"column":56}}],"line":38},"8":{"loc":{"start":{"line":42,"column":4},"end":{"line":44,"column":7}},"type":"if","locations":[{"start":{"line":42,"column":4},"end":{"line":44,"column":7}},{"start":{},"end":{}}],"line":42},"9":{"loc":{"start":{"line":42,"column":7},"end":{"line":42,"column":58}},"type":"binary-expr","locations":[{"start":{"line":42,"column":7},"end":{"line":42,"column":27}},{"start":{"line":42,"column":32},"end":{"line":42,"column":58}}],"line":42}},"s":{"0":6,"1":6,"2":6,"3":6,"4":6,"5":6,"6":6,"7":6,"8":6,"9":6,"10":6,"11":6,"12":1,"13":1,"14":1,"15":1,"16":1,"17":1,"18":1,"19":1,"20":1,"21":1,"22":1,"23":1,"24":1,"25":1,"26":6,"27":6},"f":{"0":6,"1":1},"b":{"0":[1,0],"1":[1,1],"2":[1,0],"3":[1,1],"4":[1,0],"5":[1,1],"6":[1,0],"7":[1,1],"8":[1,0],"9":[1,1]},"_coverageSchema":"1a1c01bbd47fc00a2c39e90264f33305004495a9","hash":"a8eada49301513184df5885f216a45bff6db684e"}
,"/Users/sunshok/Desktop/COMP 531/Assignments/hw4/social-frontend/src/router/index.jsx": {"path":"/Users/sunshok/Desktop/COMP 531/Assignments/hw4/social-frontend/src/router/index.jsx","statementMap":{"0":{"start":{"line":8,"column":19},"end":{"line":20,"column":1}},"1":{"start":{"line":9,"column":4},"end":{"line":19,"column":18}}},"fnMap":{"0":{"name":"(anonymous_0)","decl":{"start":{"line":8,"column":19},"end":{"line":8,"column":20}},"loc":{"start":{"line":8,"column":24},"end":{"line":20,"column":1}},"line":8}},"branchMap":{},"s":{"0":1,"1":0},"f":{"0":0},"b":{},"_coverageSchema":"1a1c01bbd47fc00a2c39e90264f33305004495a9","hash":"31b6cfcd01e88afa76f1fd2a4462c6c2af2c0770"}
}
