TN:
SF:src/App.jsx
FN:7,App
FNF:1
FNH:0
FNDA:0,App
DA:8,0
LF:1
LH:0
BRF:0
BRH:0
end_of_record
TN:
SF:src/index.js
FNF:0
FNH:0
DA:6,0
LF:1
LH:0
BRF:0
BRH:0
end_of_record
TN:
SF:src/auth/auth.jsx
FN:7,Auth
FN:16,(anonymous_1)
FN:18,(anonymous_2)
FN:19,(anonymous_3)
FN:20,(anonymous_4)
FNF:5
FNH:5
FNDA:3,Auth
FNDA:2,(anonymous_1)
FNDA:1,(anonymous_2)
FNDA:1,(anonymous_3)
FNDA:10,(anonymous_4)
DA:8,3
DA:9,3
DA:10,3
DA:11,3
DA:12,3
DA:13,3
DA:15,3
DA:16,3
DA:17,2
DA:18,1
DA:20,1
DA:21,10
DA:22,1
DA:23,1
DA:24,1
DA:25,1
DA:26,1
DA:27,1
DA:28,1
DA:32,1
DA:45,3
LF:21
LH:21
BRDA:21,0,0,1
BRDA:21,0,1,9
BRDA:21,1,0,10
BRDA:21,1,1,1
BRDA:32,2,0,0
BRDA:32,2,1,1
BRF:6
BRH:5
end_of_record
TN:
SF:src/auth/registeration/registeration.jsx
FN:6,Registeration
FN:10,(anonymous_1)
FN:170,(anonymous_2)
FN:171,(anonymous_3)
FNF:4
FNH:4
FNDA:2,Registeration
FNDA:1,(anonymous_1)
FNDA:12,(anonymous_2)
FNDA:12,(anonymous_3)
DA:8,2
DA:10,2
DA:11,1
DA:12,1
DA:14,0
DA:15,1
DA:17,0
DA:20,1
DA:21,1
DA:22,1
DA:23,1
DA:24,1
DA:25,1
DA:26,1
DA:31,2
DA:170,12
DA:172,12
DA:173,2
DA:175,10
LF:19
LH:17
BRDA:11,0,0,1
BRDA:11,0,1,0
BRDA:15,1,0,0
BRDA:15,1,1,1
BRDA:172,2,0,2
BRDA:172,2,1,10
BRDA:172,3,0,12
BRDA:172,3,1,12
BRF:8
BRH:6
end_of_record
TN:
SF:src/main/main.jsx
FN:14,Main
FN:27,(anonymous_1)
FN:30,(anonymous_2)
FN:31,(anonymous_3)
FN:31,(anonymous_4)
FN:36,(anonymous_5)
FN:37,(anonymous_6)
FN:37,(anonymous_7)
FN:45,(anonymous_8)
FN:58,(anonymous_9)
FN:61,(anonymous_10)
FN:62,(anonymous_11)
FN:68,(anonymous_12)
FN:71,(anonymous_13)
FN:76,(anonymous_14)
FN:77,(anonymous_15)
FN:77,(anonymous_16)
FN:80,(anonymous_17)
FN:81,(anonymous_18)
FN:81,(anonymous_19)
FN:92,(anonymous_20)
FN:93,(anonymous_21)
FN:99,(anonymous_22)
FN:109,(anonymous_23)
FN:129,(anonymous_24)
FN:145,(anonymous_25)
FN:185,(anonymous_26)
FN:186,(anonymous_27)
FN:204,(anonymous_28)
FN:208,(anonymous_29)
FN:218,(anonymous_30)
FN:222,(anonymous_31)
FN:227,(anonymous_32)
FN:237,(anonymous_33)
FN:271,(anonymous_34)
FN:276,(anonymous_35)
FN:278,(anonymous_36)
FN:284,(anonymous_37)
FNF:38
FNH:35
FNDA:88,Main
FNDA:9,(anonymous_1)
FNDA:1,(anonymous_2)
FNDA:1,(anonymous_3)
FNDA:10,(anonymous_4)
FNDA:1,(anonymous_5)
FNDA:1,(anonymous_6)
FNDA:100,(anonymous_7)
FNDA:8,(anonymous_8)
FNDA:8,(anonymous_9)
FNDA:1,(anonymous_10)
FNDA:4,(anonymous_11)
FNDA:27,(anonymous_12)
FNDA:27,(anonymous_13)
FNDA:3,(anonymous_14)
FNDA:3,(anonymous_15)
FNDA:30,(anonymous_16)
FNDA:3,(anonymous_17)
FNDA:3,(anonymous_18)
FNDA:300,(anonymous_19)
FNDA:41,(anonymous_20)
FNDA:12,(anonymous_21)
FNDA:1,(anonymous_22)
FNDA:1,(anonymous_23)
FNDA:0,(anonymous_24)
FNDA:0,(anonymous_25)
FNDA:5,(anonymous_26)
FNDA:1,(anonymous_27)
FNDA:16,(anonymous_28)
FNDA:1,(anonymous_29)
FNDA:24,(anonymous_30)
FNDA:3,(anonymous_31)
FNDA:240,(anonymous_32)
FNDA:1,(anonymous_33)
FNDA:14,(anonymous_34)
FNDA:0,(anonymous_35)
FNDA:1,(anonymous_36)
FNDA:56,(anonymous_37)
DA:15,88
DA:16,88
DA:17,88
DA:18,88
DA:19,87
DA:20,87
DA:21,87
DA:22,87
DA:23,87
DA:24,87
DA:27,87
DA:29,9
DA:30,1
DA:31,1
DA:32,10
DA:35,1
DA:36,1
DA:37,1
DA:38,100
DA:39,10
DA:45,87
DA:47,8
DA:48,3
DA:49,2
DA:50,2
DA:51,1
DA:52,1
DA:53,0
DA:54,0
DA:55,0
DA:56,0
DA:58,87
DA:59,8
DA:61,87
DA:62,1
DA:63,4
DA:68,87
DA:69,27
DA:71,27
DA:75,27
DA:76,3
DA:77,3
DA:78,30
DA:79,3
DA:80,3
DA:81,3
DA:82,300
DA:83,30
DA:90,0
DA:92,87
DA:93,41
DA:99,87
DA:100,1
DA:101,1
DA:102,0
DA:104,0
DA:107,1
DA:109,87
DA:110,1
DA:111,1
DA:112,1
DA:114,0
DA:115,0
DA:116,0
DA:119,0
DA:122,0
DA:126,87
DA:127,87
DA:129,87
DA:145,87
DA:161,87
DA:172,87
DA:185,5
DA:186,1
DA:205,16
DA:208,1
DA:209,1
DA:210,1
DA:219,24
DA:222,3
DA:228,240
DA:238,1
DA:239,1
DA:272,14
DA:276,0
DA:278,1
DA:285,56
LF:87
LH:74
BRDA:32,0,0,1
BRDA:32,0,1,9
BRDA:38,1,0,10
BRDA:38,1,1,90
BRDA:47,2,0,5
BRDA:47,2,1,3
BRDA:48,3,0,1
BRDA:48,3,1,2
BRDA:49,4,0,0
BRDA:49,4,1,2
BRDA:50,5,0,1
BRDA:50,5,1,1
BRDA:51,6,0,0
BRDA:51,6,1,1
BRDA:52,7,0,1
BRDA:52,7,1,0
BRDA:53,8,0,0
BRDA:53,8,1,0
BRDA:54,9,0,0
BRDA:54,9,1,0
BRDA:55,10,0,0
BRDA:55,10,1,0
BRDA:56,11,0,0
BRDA:56,11,1,0
BRDA:69,12,0,27
BRDA:69,12,1,0
BRDA:69,13,0,27
BRDA:69,13,1,27
BRDA:69,13,2,22
BRDA:69,13,3,13
BRDA:69,13,4,7
BRDA:69,13,5,5
BRDA:69,13,6,4
BRDA:69,13,7,2
BRDA:69,13,8,1
BRDA:69,13,9,0
BRDA:78,14,0,3
BRDA:78,14,1,27
BRDA:82,15,0,30
BRDA:82,15,1,270
BRDA:102,16,0,0
BRDA:102,16,1,0
BRDA:110,17,0,1
BRDA:110,17,1,0
BRDA:116,18,0,0
BRDA:116,18,1,0
BRDA:116,19,0,0
BRDA:116,19,1,0
BRDA:162,20,0,0
BRDA:162,20,1,87
BRDA:258,21,0,0
BRDA:258,21,1,87
BRF:52
BRH:30
end_of_record
TN:
SF:src/profile/profile.jsx
FN:13,Profile
FN:25,(anonymous_1)
FNF:2
FNH:2
FNDA:6,Profile
FNDA:1,(anonymous_1)
DA:14,6
DA:15,6
DA:16,6
DA:17,6
DA:18,6
DA:19,6
DA:20,6
DA:21,6
DA:22,6
DA:23,6
DA:24,6
DA:25,6
DA:26,1
DA:27,1
DA:30,1
DA:31,1
DA:32,1
DA:34,1
DA:35,1
DA:36,1
DA:38,1
DA:39,1
DA:40,1
DA:42,1
DA:43,1
DA:45,1
DA:49,6
DA:69,6
LF:28
LH:28
BRDA:26,0,0,1
BRDA:26,0,1,0
BRDA:26,1,0,1
BRDA:26,1,1,1
BRDA:30,2,0,1
BRDA:30,2,1,0
BRDA:30,3,0,1
BRDA:30,3,1,1
BRDA:34,4,0,1
BRDA:34,4,1,0
BRDA:34,5,0,1
BRDA:34,5,1,1
BRDA:38,6,0,1
BRDA:38,6,1,0
BRDA:38,7,0,1
BRDA:38,7,1,1
BRDA:42,8,0,1
BRDA:42,8,1,0
BRDA:42,9,0,1
BRDA:42,9,1,1
BRF:20
BRH:15
end_of_record
TN:
SF:src/router/index.jsx
FN:8,(anonymous_0)
FNF:1
FNH:0
FNDA:0,(anonymous_0)
DA:8,1
DA:9,0
LF:2
LH:1
BRF:0
BRH:0
end_of_record
